<?xml version="1.0" encoding="UTF-8"?>
<!-- Generated by org.testng.reporters.JUnitReportReporter -->
<testsuite hostname="BHANU-LAPTOP" failures="0" tests="2" name="day1.DemoA" time="0.015" errors="0" timestamp="2023-05-27T11:21:22 IST" skipped="0">
  <testcase classname="day1.DemoA" name="testB" time="0.006"/>
  <system-out/>
  <testcase classname="day1.DemoA" name="testA" time="0.009"/>
  <system-out/>
</testsuite> <!-- day1.DemoA -->
